% ./Scripts/Build_All.sh 
Sourcing $PROJECTDIR/Scripts/set_env.sh... done.

======== autoconf-2.71 ========
Skipped build, found /Users/zyoung/develop/xcode/TesseractBuild/Root/bin/autoconf w/version 2.71
Sourcing $PROJECTDIR/Scripts/set_env.sh... done.

======== automake-1.16.5 ========
Skipped build, found /Users/zyoung/develop/xcode/TesseractBuild/Root/bin/automake w/version 1.16.5
Sourcing $PROJECTDIR/Scripts/set_env.sh... done.

======== pkg-config-0.29.2 ========
Skipped build, found /Users/zyoung/develop/xcode/TesseractBuild/Root/bin/pkg-config w/version 0.29.2
Sourcing $PROJECTDIR/Scripts/set_env.sh... done.

======== libtool-2.4.6 ========
Skipped build, found /Users/zyoung/develop/xcode/TesseractBuild/Root/bin/libtool w/version 2.4.6
Sourcing $PROJECTDIR/Scripts/set_env.sh... done.

======== jpeg.v9d ========
Skipped download, found $PROJECTDIR/Downloads/jpegsrc.v9d.tar.gz
Skipped extract of TGZ, found $PROJECTDIR/Sources/jpeg-9d
--**!!**-- Overriding $SOURCES/jpeg-9d/config.sub with /Users/zyoung/develop/xcode/TesseractBuild/Scripts/config.sub.patched
zsh: can't open input file: /config-make-install_libjpeg.sh
Sourcing $PROJECTDIR/Scripts/set_env.sh... done.

======== libpng-1.6.37 ========
Skipped download, found $PROJECTDIR/Downloads/libpng-1.6.37.tar.gz
Skipped extract of TGZ, found $PROJECTDIR/Sources/libpng-1.6.37
--**!!**-- Overriding $SOURCES/libpng-1.6.37/config.sub with /Users/zyoung/develop/xcode/TesseractBuild/Scripts/config.sub.patched
zsh: can't open input file: /config-make-install_libpng.sh
Sourcing $PROJECTDIR/Scripts/set_env.sh... done.

======== tiff-4.3.0 ========
Skipped download, found $PROJECTDIR/Downloads/tiff-4.3.0.tar.gz
Skipped extract of TGZ, found $PROJECTDIR/Sources/tiff-4.3.0
--**!!**-- Overriding $SOURCES/tiff-4.3.0/config/config.sub with /Users/zyoung/develop/xcode/TesseractBuild/Scripts/config.sub.patched
zsh: can't open input file: /config-make-install_libtiff.sh
Sourcing $PROJECTDIR/Scripts/set_env.sh... done.

======== leptonica-1.82.0 ========
Skipped download, found $PROJECTDIR/Downloads/leptonica-1.82.0.tar.gz
Skipped extract of TGZ, found $PROJECTDIR/Sources/leptonica-1.82.0
Preconfiguring... done.
--**!!**-- Overriding $SOURCES/leptonica-1.82.0/config/config.sub with /Users/zyoung/develop/xcode/TesseractBuild/Scripts/config.sub.patched
zsh: can't open input file: /config-make-install_leptonica.sh
Sourcing $PROJECTDIR/Scripts/set_env.sh... done.

======== tesseract-5.0.0 ========
Skipped download, found $PROJECTDIR/Downloads/5.0.0.tar.gz
Skipped extract of TGZ, found $PROJECTDIR/Sources/tesseract-5.0.0
Preconfiguring... done.
--**!!**-- Overriding $SOURCES/tesseract-5.0.0/config/config.sub with /Users/zyoung/develop/xcode/TesseractBuild/Scripts/config.sub.patched
zsh: can't open input file: /config-make-install_tesseract.sh